17:31:59.765 [main                     ] DEBUG Logger               - Configured Logger
17:31:59.799 [main                     ] DEBUG GameApplication      - Logging settings
Title: Untitled
Version: 0.0
Width: 1280
Height: 800
Fullscreen: false
Intro: false
Profiling: false
Single step:false
App Mode: DEVELOPER
Menu Key: ESCAPE
Stage Style: DECORATED
Scene Factory: class com.almasb.fxgl.app.scene.SceneFactory

17:32:00.345 [JavaFX Application Thread] DEBUG FXGLApplication      - Initializing FXGL
17:32:00.352 [JavaFX Application Thread] INFO  Engine               - FXGL-21.1 (27.03.2024 07.52) on WINDOWS (J:21.0.2 FX:21)
17:32:00.353 [JavaFX Application Thread] DEBUG Engine               - JRE Vendor Name: Oracle Corporation
17:32:00.353 [JavaFX Application Thread] DEBUG Engine               - Running on OS: Windows 10 version 10.0
17:32:00.353 [JavaFX Application Thread] DEBUG Engine               - Architecture: amd64
17:32:00.353 [JavaFX Application Thread] INFO  Engine               - Source code and latest versions at: https://github.com/AlmasB/FXGL
17:32:00.354 [JavaFX Application Thread] INFO  Engine               -       Ask questions and discuss at: https://github.com/AlmasB/FXGL/discussions
17:32:00.354 [JavaFX Application Thread] INFO  Engine               -              Join the FXGL chat at: https://gitter.im/AlmasB/FXGL
17:32:00.502 [JavaFX Application Thread] DEBUG PrimaryStageWindow   - Creating a JavaFX scene
17:32:00.570 [JavaFX Application Thread] DEBUG PrimaryStageWindow   - Target settings size: 1280.0 x 800.0
17:32:00.571 [JavaFX Application Thread] DEBUG PrimaryStageWindow   - Scaled scene size:    1280.0 x 800.0
17:32:00.571 [JavaFX Application Thread] DEBUG PrimaryStageWindow   - Scaled ratio: (1.0, 1.0)
17:32:00.572 [JavaFX Application Thread] DEBUG PrimaryStageWindow   - Set initial scene to FXGLStartupScene
17:32:00.577 [JavaFX Application Thread] DEBUG PrimaryStageWindow   - Opening main window
17:32:00.696 [JavaFX Application Thread] DEBUG PrimaryStageWindow   - Window border size: (16.0, 39.0)
17:32:00.697 [JavaFX Application Thread] DEBUG PrimaryStageWindow   - Scaled size: 1280.0 x 800.0
17:32:00.697 [JavaFX Application Thread] DEBUG PrimaryStageWindow   - Scaled ratio: (1.0, 1.0)
17:32:00.697 [JavaFX Application Thread] DEBUG PrimaryStageWindow   - Scene size: 1280.0 x 800.0
17:32:00.698 [JavaFX Application Thread] DEBUG PrimaryStageWindow   - Stage size: 1296.0 x 839.0
17:32:00.707 [FXGL Background Thread 1 ] DEBUG Engine               - Initializing environment variables
17:32:00.780 [FXGL Background Thread 1 ] DEBUG ResourceExtractor    - Extracting jar:file:///C:/Users/o_smi/.m2/repository/com/github/almasb/fxgl-intelligence/21.1/fxgl-intelligence-21.1.jar!/com/almasb/fxgl/intelligence/rpc-common.js as intelligence/rpc-common.js
17:32:00.783 [FXGL Background Thread 1 ] DEBUG ResourceExtractor    - Extracting jar:file:///C:/Users/o_smi/.m2/repository/com/github/almasb/fxgl-intelligence/21.1/fxgl-intelligence-21.1.jar!/com/almasb/fxgl/intelligence/tts/index.html as intelligence/tts/index.html
17:32:00.784 [FXGL Background Thread 1 ] DEBUG ResourceExtractor    - Extracting jar:file:///C:/Users/o_smi/.m2/repository/com/github/almasb/fxgl-intelligence/21.1/fxgl-intelligence-21.1.jar!/com/almasb/fxgl/intelligence/tts/script.js as intelligence/tts/script.js
17:32:00.786 [FXGL Background Thread 1 ] DEBUG ResourceExtractor    - Extracting jar:file:///C:/Users/o_smi/.m2/repository/com/github/almasb/fxgl-intelligence/21.1/fxgl-intelligence-21.1.jar!/com/almasb/fxgl/intelligence/gesturerecog/index.html as intelligence/gesturerecog/index.html
17:32:00.787 [FXGL Background Thread 1 ] DEBUG ResourceExtractor    - Extracting jar:file:///C:/Users/o_smi/.m2/repository/com/github/almasb/fxgl-intelligence/21.1/fxgl-intelligence-21.1.jar!/com/almasb/fxgl/intelligence/speechrecog/index.html as intelligence/speechrecog/index.html
17:32:00.789 [FXGL Background Thread 1 ] DEBUG ResourceExtractor    - Extracting jar:file:///C:/Users/o_smi/.m2/repository/com/github/almasb/fxgl-intelligence/21.1/fxgl-intelligence-21.1.jar!/com/almasb/fxgl/intelligence/speechrecog/script.js as intelligence/speechrecog/script.js
17:32:00.823 [FXGL Background Thread 1 ] DEBUG FXGLAssetLoaderServi - User app class for loading assets: class org.javaclass.speechecongexample.HelloApplication
17:32:00.823 [FXGL Background Thread 1 ] DEBUG GameApplicationServi - Applying CSS: fxgl_dark.css
17:32:00.824 [FXGL Background Thread 1 ] DEBUG FXGLAssetLoaderServi - Loading from file system: jar:file:///C:/Users/o_smi/.m2/repository/com/github/almasb/fxgl/21.1/fxgl-21.1.jar!/fxglassets/ui/css/fxgl_dark.css
17:32:00.882 [FXGL Background Thread 1 ] DEBUG GameApplicationServi - Initializing application scenes
17:32:00.921 [FXGL Background Thread 1 ] DEBUG GameWorld            - Game world initialized
17:32:01.010 [FXGL Background Thread 1 ] DEBUG PhysicsWorld         - Physics world initialized: appHeight=800, physics.ppm=50.0
17:32:01.011 [FXGL Background Thread 1 ] DEBUG PhysicsWorld         - Using strategy: BRUTE_FORCE
17:32:01.016 [FXGL Background Thread 1 ] DEBUG GameScene            - Game scene initialized: 1280x800
17:32:01.033 [FXGL Background Thread 1 ] DEBUG FXGL.DefaultMenu     - createMenuBodyGameMenu()
17:32:01.053 [FXGL Background Thread 1 ] DEBUG FXGL.DefaultMenu     - createOptionsMenu()
17:32:01.069 [FXGL Background Thread 1 ] DEBUG FXGLAssetLoaderServi - Loading from file system: jar:file:///C:/Users/o_smi/.m2/repository/com/github/almasb/fxgl/21.1/fxgl-21.1.jar!/fxglassets/textures/particles/smoke.png
17:32:01.195 [FXGL Background Thread 1 ] DEBUG FXGLAssetLoaderServi - Loading from file system: jar:file:///C:/Users/o_smi/.m2/repository/com/github/almasb/fxgl/21.1/fxgl-21.1.jar!/fxglassets/textures/particles/trace_horizontal.png
17:32:01.233 [FXGL Background Thread 1 ] DEBUG GameApplicationServi - Application scenes initialized
17:32:01.250 [FXGL Background Thread 1 ] DEBUG SystemBundleService  - Loading FXGL system data
17:32:01.253 [FXGL Background Thread 1 ] WARN  SystemBundleService  - Failed to load: java.io.FileNotFoundException: C:\Users\o_smi\Desktop\Java\Projects\JavaClassLevel1\SpeechEcongExample\system\fxgl.bundle (The system cannot find the file specified)
17:32:01.253 [FXGL Background Thread 1 ] DEBUG SystemBundleService  - Loading default FXGL system data
17:32:01.254 [FXGL Background Thread 1 ] DEBUG UpdaterService       - Checking for updates
17:32:01.258 [FXGL Background Thread 1 ] DEBUG RPCService           - Added SpeechRecognitionService methods: [onSpeechInput, onSpeechInput$lambda$1, initService, addInputHandler, removeInputHandler]
17:32:01.262 [FXGL Background Thread 4 ] DEBUG FXGLApplication      - Loading fonts
17:32:01.263 [FXGL Background Thread 4 ] DEBUG FXGLAssetLoaderServi - Loading from file system: jar:file:///C:/Users/o_smi/.m2/repository/com/github/almasb/fxgl/21.1/fxgl-21.1.jar!/fxglassets/ui/fonts/VarelaRound-Regular.ttf
17:32:01.265 [FXGL Background Thread 1 ] DEBUG FXGLApplication      - Loading default localization
17:32:01.265 [FXGL Background Thread 1 ] DEBUG FXGLAssetLoaderServi - Loading from file system: jar:file:///C:/Users/o_smi/.m2/repository/com/github/almasb/fxgl/21.1/fxgl-21.1.jar!/fxglassets/languages/english.lang
17:32:01.295 [FXGL Background Thread 1 ] INFO  FXGLApplication      - FXGL initialization took: 0.588 sec
17:32:01.297 [JavaFX Application Thread] DEBUG FXGLAssetLoaderServi - Loading from file system: jar:file:///C:/Users/o_smi/.m2/repository/com/github/almasb/fxgl/21.1/fxgl-21.1.jar!/fxglassets/textures/fxgl_icon.png
17:32:01.321 [WebSocketSelector-54     ] DEBUG WSServer SpeechRecog - Server started successfully
17:32:01.327 [FXGL Background Thread 4 ] DEBUG FXGLAssetLoaderServi - Loading from file system: jar:file:///C:/Users/o_smi/.m2/repository/com/github/almasb/fxgl/21.1/fxgl-21.1.jar!/fxglassets/ui/fonts/Abel-Regular.ttf
17:32:01.331 [JavaFX Application Thread] DEBUG FXGLAssetLoaderServi - Loading from file system: jar:file:///C:/Users/o_smi/.m2/repository/com/github/almasb/fxgl/21.1/fxgl-21.1.jar!/fxglassets/textures/fxgl_default_cursor.png
17:32:01.341 [FXGL Background Thread 4 ] DEBUG FXGLAssetLoaderServi - Loading from file system: jar:file:///C:/Users/o_smi/.m2/repository/com/github/almasb/fxgl/21.1/fxgl-21.1.jar!/fxglassets/ui/fonts/TerminalLandMono-Regular.otf
17:32:01.346 [JavaFX Application Thread] DEBUG Input                - Registered new binding: Screenshot - CTRL+8
17:32:01.346 [JavaFX Application Thread] DEBUG Input                - Registered new binding: System info dump - CTRL+9
17:32:01.347 [JavaFX Application Thread] DEBUG Input                - Registered new binding: Restart - CTRL+R
17:32:01.348 [JavaFX Application Thread] DEBUG Input                - Registered new binding: Toggle Debug Camera - CTRL+7
17:32:01.352 [JavaFX Application Thread] DEBUG LoopRunner           - Starting loop
17:32:01.352 [JavaFX Application Thread] DEBUG LoopRunner           - Initializing JavaFX AnimationTimerLoop
17:32:01.354 [JavaFX Application Thread] DEBUG GameApplicationServi - Starting new game
17:32:01.355 [FXGL Background Thread 4 ] DEBUG FXGLAssetLoaderServi - Loading from file system: jar:file:///C:/Users/o_smi/.m2/repository/com/github/almasb/fxgl/21.1/fxgl-21.1.jar!/fxglassets/ui/fonts/Courier-Prime.ttf
17:32:01.355 [JavaFX Application Thread] DEBUG Input                - Clearing active input actions
17:32:01.375 [JavaFX Application Thread] DEBUG GameApplicationServi - Removing overlay from FXGLStartupScene and adding to FXGLLoadingScene
17:32:01.376 [JavaFX Application Thread] DEBUG PrimaryStageWindow   - FXGLStartupScene -> FXGLLoadingScene
17:32:01.376 [JavaFX Application Thread] DEBUG GameApplicationServi - Clearing previous game
17:32:01.376 [JavaFX Application Thread] DEBUG GameScene            - Clearing game scene
17:32:01.376 [JavaFX Application Thread] DEBUG GameWorld            - Clearing game world
17:32:01.376 [JavaFX Application Thread] DEBUG PhysicsWorld         - Clearing physics world
17:32:01.378 [FXGL Background Thread 4 ] DEBUG FXGLApplication      - Initializing game
17:32:01.384 [FXGL Background Thread 1 ] DEBUG WebAPIService        - WebDriver opening: file:/C:/Users/o_smi/.openjfx/cache/fxgl-21/intelligence/speechrecog/index.html
17:32:01.417 [FXGL Background Thread 4 ] INFO  FXGLApplication      - Game initialization took: 0.039 sec
17:32:01.461 [JavaFX Application Thread] DEBUG FXGLApplication      - Registering font factories with UI factory
17:32:01.466 [JavaFX Application Thread] DEBUG Input                - Clearing active input actions
17:32:01.477 [JavaFX Application Thread] DEBUG GameApplicationServi - Removing overlay from FXGLLoadingScene and adding to GameScene
17:32:01.478 [JavaFX Application Thread] DEBUG PrimaryStageWindow   - FXGLLoadingScene -> GameScene
17:32:03.500 [WebSocketWorker-39       ] DEBUG WSServer SpeechRecog - Opened connection: /127.0.0.1:53087
17:32:04.261 [FXGL Background Thread 3 ] DEBUG Engine               - Logging environment variables
17:32:04.262 [FXGL Background Thread 3 ] DEBUG Engine               - achievements: []
17:32:04.262 [FXGL Background Thread 3 ] DEBUG Engine               - actualHeight: 800.0
17:32:04.262 [FXGL Background Thread 3 ] DEBUG Engine               - actualHeightProperty: ReadOnlyDoubleProperty [value: 800.0]
17:32:04.262 [FXGL Background Thread 3 ] DEBUG Engine               - actualWidth: 1280.0
17:32:04.263 [FXGL Background Thread 3 ] DEBUG Engine               - actualWidthProperty: ReadOnlyDoubleProperty [value: 1280.0]
17:32:04.263 [FXGL Background Thread 3 ] DEBUG Engine               - appIcon: fxgl_icon.png
17:32:04.263 [FXGL Background Thread 3 ] DEBUG Engine               - applicationMode: DEVELOPER
17:32:04.263 [FXGL Background Thread 3 ] DEBUG Engine               - cSSList: [fxgl_dark.css]
17:32:04.263 [FXGL Background Thread 3 ] DEBUG Engine               - collisionDetectionStrategy: BRUTE_FORCE
17:32:04.264 [FXGL Background Thread 3 ] DEBUG Engine               - configClass: Optional.empty
17:32:04.264 [FXGL Background Thread 3 ] DEBUG Engine               - credits: []
17:32:04.264 [FXGL Background Thread 3 ] DEBUG Engine               - defaultCursor: CursorInfo(imageName=fxgl_default_cursor.png, hotspotX=7.0, hotspotY=6.0)
17:32:04.265 [FXGL Background Thread 3 ] DEBUG Engine               - devBBoxColorProperty: ObjectProperty [value: 0xff0000ff]
17:32:04.265 [FXGL Background Thread 3 ] DEBUG Engine               - devEnableDebugCameraProperty: BooleanProperty [value: false]
17:32:04.266 [FXGL Background Thread 3 ] DEBUG Engine               - devSensorColorProperty: ObjectProperty [value: 0xffff00ff]
17:32:04.266 [FXGL Background Thread 3 ] DEBUG Engine               - devShowBBoxProperty: BooleanProperty [value: false]
17:32:04.266 [FXGL Background Thread 3 ] DEBUG Engine               - devShowPositionProperty: BooleanProperty [value: false]
17:32:04.266 [FXGL Background Thread 3 ] DEBUG Engine               - enabledMenuItems: []
17:32:04.266 [FXGL Background Thread 3 ] DEBUG Engine               - engineServices: [class com.almasb.fxgl.app.services.FXGLAssetLoaderService, class com.almasb.fxgl.app.FXGLApplication$GameApplicationService, class com.almasb.fxgl.app.services.FXGLDialogService, class com.almasb.fxgl.app.services.IOTaskExecutorService, class com.almasb.fxgl.io.FileSystemService, class com.almasb.fxgl.localization.LocalizationService, class com.almasb.fxgl.app.services.SystemBundleService, class com.almasb.fxgl.profile.SaveLoadService, class com.almasb.fxgl.ui.FXGLUIFactoryServiceProvider, class com.almasb.fxgl.ui.FXGLDialogFactoryServiceProvider, class com.almasb.fxgl.audio.AudioPlayer, class com.almasb.fxgl.notification.impl.NotificationServiceProvider, class com.almasb.fxgl.achievement.AchievementService, class com.almasb.fxgl.cutscene.CutsceneService, class com.almasb.fxgl.minigames.MiniGameService, class com.almasb.fxgl.net.NetService, class com.almasb.fxgl.app.services.UpdaterService, class com.almasb.fxgl.dev.DevService, class com.almasb.fxgl.intelligence.speechrecog.SpeechRecognitionService]
17:32:04.266 [FXGL Background Thread 3 ] DEBUG Engine               - fontGame: Abel-Regular.ttf
17:32:04.267 [FXGL Background Thread 3 ] DEBUG Engine               - fontMono: TerminalLandMono-Regular.otf
17:32:04.267 [FXGL Background Thread 3 ] DEBUG Engine               - fontSizeScaleUI: 1.0
17:32:04.267 [FXGL Background Thread 3 ] DEBUG Engine               - fontText: Courier-Prime.ttf
17:32:04.267 [FXGL Background Thread 3 ] DEBUG Engine               - fontUI: VarelaRound-Regular.ttf
17:32:04.267 [FXGL Background Thread 3 ] DEBUG Engine               - fullScreen: BooleanProperty [value: false]
17:32:04.267 [FXGL Background Thread 3 ] DEBUG Engine               - gameDifficulty: MEDIUM
17:32:04.268 [FXGL Background Thread 3 ] DEBUG Engine               - gameDifficultyProperty: ObjectProperty [value: MEDIUM]
17:32:04.268 [FXGL Background Thread 3 ] DEBUG Engine               - globalMusicVolume: 0.5
17:32:04.268 [FXGL Background Thread 3 ] DEBUG Engine               - globalMusicVolumeProperty: DoubleProperty [value: 0.5]
17:32:04.268 [FXGL Background Thread 3 ] DEBUG Engine               - globalSoundVolume: 0.5
17:32:04.268 [FXGL Background Thread 3 ] DEBUG Engine               - globalSoundVolumeProperty: DoubleProperty [value: 0.5]
17:32:04.268 [FXGL Background Thread 3 ] DEBUG Engine               - height: 800
17:32:04.269 [FXGL Background Thread 3 ] DEBUG Engine               - is3D: false
17:32:04.269 [FXGL Background Thread 3 ] DEBUG Engine               - isAndroid: false
17:32:04.269 [FXGL Background Thread 3 ] DEBUG Engine               - isBrowser: false
17:32:04.269 [FXGL Background Thread 3 ] DEBUG Engine               - isClickFeedbackEnabled: false
17:32:04.269 [FXGL Background Thread 3 ] DEBUG Engine               - isCloseConfirmation: false
17:32:04.269 [FXGL Background Thread 3 ] DEBUG Engine               - isDesktop: true
17:32:04.270 [FXGL Background Thread 3 ] DEBUG Engine               - isDeveloperMenuEnabled: false
17:32:04.270 [FXGL Background Thread 3 ] DEBUG Engine               - isEmbedded: false
17:32:04.270 [FXGL Background Thread 3 ] DEBUG Engine               - isEntityPreloadEnabled: true
17:32:04.270 [FXGL Background Thread 3 ] DEBUG Engine               - isExperimentalTiledLargeMap: false
17:32:04.270 [FXGL Background Thread 3 ] DEBUG Engine               - isFileSystemWriteAllowed: true
17:32:04.270 [FXGL Background Thread 3 ] DEBUG Engine               - isFullScreenAllowed: false
17:32:04.271 [FXGL Background Thread 3 ] DEBUG Engine               - isFullScreenFromStart: false
17:32:04.271 [FXGL Background Thread 3 ] DEBUG Engine               - isGameMenuEnabled: true
17:32:04.271 [FXGL Background Thread 3 ] DEBUG Engine               - isIOS: false
17:32:04.271 [FXGL Background Thread 3 ] DEBUG Engine               - isIntroEnabled: false
17:32:04.271 [FXGL Background Thread 3 ] DEBUG Engine               - isLinux: false
17:32:04.271 [FXGL Background Thread 3 ] DEBUG Engine               - isMac: false
17:32:04.271 [FXGL Background Thread 3 ] DEBUG Engine               - isMainMenuEnabled: false
17:32:04.272 [FXGL Background Thread 3 ] DEBUG Engine               - isManualResizeEnabled: false
17:32:04.272 [FXGL Background Thread 3 ] DEBUG Engine               - isMobile: false
17:32:04.272 [FXGL Background Thread 3 ] DEBUG Engine               - isNative: false
17:32:04.272 [FXGL Background Thread 3 ] DEBUG Engine               - isPauseMusicWhenMinimized: true
17:32:04.272 [FXGL Background Thread 3 ] DEBUG Engine               - isPreserveResizeRatio: false
17:32:04.272 [FXGL Background Thread 3 ] DEBUG Engine               - isProfilingEnabled: false
17:32:04.272 [FXGL Background Thread 3 ] DEBUG Engine               - isScaleAffectedOnResize: true
17:32:04.273 [FXGL Background Thread 3 ] DEBUG Engine               - isSingleStep: false
17:32:04.273 [FXGL Background Thread 3 ] DEBUG Engine               - isUserProfileEnabled: false
17:32:04.273 [FXGL Background Thread 3 ] DEBUG Engine               - isWindows: true
17:32:04.273 [FXGL Background Thread 3 ] DEBUG Engine               - language: ObjectProperty [value: ENGLISH]
17:32:04.273 [FXGL Background Thread 3 ] DEBUG Engine               - menuKey: ESCAPE
17:32:04.273 [FXGL Background Thread 3 ] DEBUG Engine               - mouseSensitivity: 0.2
17:32:04.274 [FXGL Background Thread 3 ] DEBUG Engine               - notificationViewClass: class com.almasb.fxgl.notification.view.XboxNotificationView
17:32:04.274 [FXGL Background Thread 3 ] DEBUG Engine               - pixelsPerMeter: 50.0
17:32:04.274 [FXGL Background Thread 3 ] DEBUG Engine               - platform: WINDOWS
17:32:04.274 [FXGL Background Thread 3 ] DEBUG Engine               - prefHeightProperty: ReadOnlyDoubleProperty [value: 800.0]
17:32:04.274 [FXGL Background Thread 3 ] DEBUG Engine               - prefWidthProperty: ReadOnlyDoubleProperty [value: 1280.0]
17:32:04.274 [FXGL Background Thread 3 ] DEBUG Engine               - profileDir: profiles/
17:32:04.275 [FXGL Background Thread 3 ] DEBUG Engine               - profileName: StringProperty [value: DEFAULT]
17:32:04.275 [FXGL Background Thread 3 ] DEBUG Engine               - randomSeed: -1
17:32:04.276 [FXGL Background Thread 3 ] DEBUG Engine               - runtimeInfo: RuntimeInfo(platform=WINDOWS, version=21.1, build=27.03.2024 07.52)
17:32:04.276 [FXGL Background Thread 3 ] DEBUG Engine               - saveFileExt: sav
17:32:04.276 [FXGL Background Thread 3 ] DEBUG Engine               - scaledHeightProp$fxgl: DoubleProperty [bound, value: 800.0]
17:32:04.276 [FXGL Background Thread 3 ] DEBUG Engine               - scaledWidthProp$fxgl: DoubleProperty [bound, value: 1280.0]
17:32:04.277 [FXGL Background Thread 3 ] DEBUG Engine               - sceneFactory: com.almasb.fxgl.app.scene.SceneFactory@1c9d0f0d
17:32:04.277 [FXGL Background Thread 3 ] DEBUG Engine               - secondsIn24h: 60
17:32:04.277 [FXGL Background Thread 3 ] DEBUG Engine               - soundMenuBack: menu/back.wav
17:32:04.277 [FXGL Background Thread 3 ] DEBUG Engine               - soundMenuPress: menu/press.wav
17:32:04.277 [FXGL Background Thread 3 ] DEBUG Engine               - soundMenuSelect: menu/select.wav
17:32:04.277 [FXGL Background Thread 3 ] DEBUG Engine               - soundNotification: core/notification.wav
17:32:04.278 [FXGL Background Thread 3 ] DEBUG Engine               - stageStyle: DECORATED
17:32:04.278 [FXGL Background Thread 3 ] DEBUG Engine               - supportedLanguages: [ENGLISH, FRENCH, GERMAN, HUNGARIAN, RUSSIAN]
17:32:04.278 [FXGL Background Thread 3 ] DEBUG Engine               - ticksPerSecond: -1
17:32:04.278 [FXGL Background Thread 3 ] DEBUG Engine               - title: Untitled
17:32:04.278 [FXGL Background Thread 3 ] DEBUG Engine               - urlGithub: https://github.com/AlmasB/FXGL
17:32:04.278 [FXGL Background Thread 3 ] DEBUG Engine               - urlLeaderboard: http://fxgl-top.herokuapp.com/
17:32:04.279 [FXGL Background Thread 3 ] DEBUG Engine               - urlPOM: https://raw.githubusercontent.com/AlmasB/FXGL/release/README.md
17:32:04.279 [FXGL Background Thread 3 ] DEBUG Engine               - userAppClass: class org.javaclass.speechecongexample.HelloApplication
17:32:04.279 [FXGL Background Thread 3 ] DEBUG Engine               - version: 0.0
17:32:04.279 [FXGL Background Thread 3 ] DEBUG Engine               - versionCheckDays: 7
17:32:04.279 [FXGL Background Thread 3 ] DEBUG Engine               - width: 1280
17:32:04.280 [FXGL Background Thread 3 ] DEBUG Engine               - Logging services
17:32:04.280 [FXGL Background Thread 3 ] DEBUG Engine               - class com.almasb.fxgl.app.services.FXGLAssetLoaderService
17:32:04.280 [FXGL Background Thread 3 ] DEBUG Engine               - class com.almasb.fxgl.app.FXGLApplication$GameApplicationService
17:32:04.280 [FXGL Background Thread 3 ] DEBUG Engine               - class com.almasb.fxgl.app.services.FXGLDialogService
17:32:04.280 [FXGL Background Thread 3 ] DEBUG Engine               - class com.almasb.fxgl.app.services.IOTaskExecutorService
17:32:04.280 [FXGL Background Thread 3 ] DEBUG Engine               - class com.almasb.fxgl.io.FileSystemService
17:32:04.280 [FXGL Background Thread 3 ] DEBUG Engine               - class com.almasb.fxgl.localization.LocalizationService
17:32:04.280 [FXGL Background Thread 3 ] DEBUG Engine               - class com.almasb.fxgl.app.services.SystemBundleService
17:32:04.281 [FXGL Background Thread 3 ] DEBUG Engine               - class com.almasb.fxgl.profile.SaveLoadService
17:32:04.281 [FXGL Background Thread 3 ] DEBUG Engine               - class com.almasb.fxgl.ui.FXGLUIFactoryServiceProvider
17:32:04.281 [FXGL Background Thread 3 ] DEBUG Engine               - class com.almasb.fxgl.ui.FXGLDialogFactoryServiceProvider
17:32:04.281 [FXGL Background Thread 3 ] DEBUG Engine               - class com.almasb.fxgl.audio.AudioPlayer
17:32:04.281 [FXGL Background Thread 3 ] DEBUG Engine               - class com.almasb.fxgl.notification.impl.NotificationServiceProvider
17:32:04.281 [FXGL Background Thread 3 ] DEBUG Engine               - class com.almasb.fxgl.achievement.AchievementService
17:32:04.281 [FXGL Background Thread 3 ] DEBUG Engine               - class com.almasb.fxgl.cutscene.CutsceneService
17:32:04.281 [FXGL Background Thread 3 ] DEBUG Engine               - class com.almasb.fxgl.minigames.MiniGameService
17:32:04.281 [FXGL Background Thread 3 ] DEBUG Engine               - class com.almasb.fxgl.net.NetService
17:32:04.282 [FXGL Background Thread 3 ] DEBUG Engine               - class com.almasb.fxgl.app.services.UpdaterService
17:32:04.282 [FXGL Background Thread 3 ] DEBUG Engine               - class com.almasb.fxgl.dev.DevService
17:32:04.282 [FXGL Background Thread 3 ] DEBUG Engine               - class com.almasb.fxgl.intelligence.speechrecog.SpeechRecognitionService
17:32:11.948 [WebSocketWorker-39       ] DEBUG SpeechRecognitionSer - Received speech input (0.9721954464912415): Blue Square
17:32:14.532 [WebSocketWorker-39       ] DEBUG SpeechRecognitionSer - Received speech input (0.9373282790184021):  red
17:32:23.608 [WebSocketWorker-39       ] DEBUG SpeechRecognitionSer - Received speech input (0.7314851880073547):  red
17:32:27.475 [JavaFX Application Thread] DEBUG FXGLApplication      - Exiting FXGL
17:32:27.475 [JavaFX Application Thread] DEBUG LoopRunner           - Stopping loop
17:32:27.476 [JavaFX Application Thread] DEBUG SystemBundleService  - Saving FXGL system data
17:32:27.478 [JavaFX Application Thread] DEBUG FileSystemAccess     - Writing to: C:\Users\o_smi\Desktop\Java\Projects\JavaClassLevel1\SpeechEcongExample\system\fxgl.bundle
17:32:27.515 [WebSocketSelector-54     ] DEBUG WSServer SpeechRecog - Closed connection, code: 1006
17:32:27.837 [JavaFX Application Thread] DEBUG Async                - Shutting down background threads
17:32:27.838 [JavaFX Application Thread] DEBUG PrimaryStageWindow   - Closing main window
17:32:27.871 [JavaFX Application Thread] DEBUG Logger               - Closing Logger
