17:54:53.802 [main                     ] DEBUG Logger               - Configured Logger
17:54:53.837 [main                     ] DEBUG GameApplication      - Logging settings
Title: Untitled
Version: 0.0
Width: 1900
Height: 720
Fullscreen: false
Intro: false
Profiling: false
Single step:false
App Mode: DEVELOPER
Menu Key: ESCAPE
Stage Style: DECORATED
Scene Factory: class com.almasb.fxgl.app.scene.SceneFactory

17:54:54.384 [JavaFX Application Thread] DEBUG FXGLApplication      - Initializing FXGL
17:54:54.391 [JavaFX Application Thread] INFO  Engine               - FXGL-21.1 (27.03.2024 07.52) on WINDOWS (J:21.0.2 FX:21)
17:54:54.391 [JavaFX Application Thread] DEBUG Engine               - JRE Vendor Name: Oracle Corporation
17:54:54.392 [JavaFX Application Thread] DEBUG Engine               - Running on OS: Windows 10 version 10.0
17:54:54.392 [JavaFX Application Thread] DEBUG Engine               - Architecture: amd64
17:54:54.392 [JavaFX Application Thread] INFO  Engine               - Source code and latest versions at: https://github.com/AlmasB/FXGL
17:54:54.392 [JavaFX Application Thread] INFO  Engine               -       Ask questions and discuss at: https://github.com/AlmasB/FXGL/discussions
17:54:54.392 [JavaFX Application Thread] INFO  Engine               -              Join the FXGL chat at: https://gitter.im/AlmasB/FXGL
17:54:54.543 [JavaFX Application Thread] DEBUG PrimaryStageWindow   - Creating a JavaFX scene
17:54:54.611 [JavaFX Application Thread] DEBUG PrimaryStageWindow   - Target settings size: 1900.0 x 720.0
17:54:54.611 [JavaFX Application Thread] DEBUG PrimaryStageWindow   - Scaled scene size:    1900.0 x 720.0
17:54:54.611 [JavaFX Application Thread] DEBUG PrimaryStageWindow   - Scaled ratio: (1.0, 1.0)
17:54:54.613 [JavaFX Application Thread] DEBUG PrimaryStageWindow   - Set initial scene to FXGLStartupScene
17:54:54.617 [JavaFX Application Thread] DEBUG PrimaryStageWindow   - Opening main window
17:54:54.737 [JavaFX Application Thread] DEBUG PrimaryStageWindow   - Window border size: (16.0, 39.0)
17:54:54.737 [JavaFX Application Thread] DEBUG PrimaryStageWindow   - Scaled size: 1900.0 x 720.0
17:54:54.738 [JavaFX Application Thread] DEBUG PrimaryStageWindow   - Scaled ratio: (1.0, 1.0)
17:54:54.738 [JavaFX Application Thread] DEBUG PrimaryStageWindow   - Scene size: 1900.0 x 720.0
17:54:54.738 [JavaFX Application Thread] DEBUG PrimaryStageWindow   - Stage size: 1916.0 x 759.0
17:54:54.748 [FXGL Background Thread 1 ] DEBUG Engine               - Initializing environment variables
17:54:54.818 [FXGL Background Thread 1 ] DEBUG ResourceExtractor    - Extracting jar:file:///C:/Users/o_smi/.m2/repository/com/github/almasb/fxgl-intelligence/21.1/fxgl-intelligence-21.1.jar!/com/almasb/fxgl/intelligence/rpc-common.js as intelligence/rpc-common.js
17:54:54.822 [FXGL Background Thread 1 ] DEBUG ResourceExtractor    - Extracting jar:file:///C:/Users/o_smi/.m2/repository/com/github/almasb/fxgl-intelligence/21.1/fxgl-intelligence-21.1.jar!/com/almasb/fxgl/intelligence/tts/index.html as intelligence/tts/index.html
17:54:54.823 [FXGL Background Thread 1 ] DEBUG ResourceExtractor    - Extracting jar:file:///C:/Users/o_smi/.m2/repository/com/github/almasb/fxgl-intelligence/21.1/fxgl-intelligence-21.1.jar!/com/almasb/fxgl/intelligence/tts/script.js as intelligence/tts/script.js
17:54:54.825 [FXGL Background Thread 1 ] DEBUG ResourceExtractor    - Extracting jar:file:///C:/Users/o_smi/.m2/repository/com/github/almasb/fxgl-intelligence/21.1/fxgl-intelligence-21.1.jar!/com/almasb/fxgl/intelligence/gesturerecog/index.html as intelligence/gesturerecog/index.html
17:54:54.827 [FXGL Background Thread 1 ] DEBUG ResourceExtractor    - Extracting jar:file:///C:/Users/o_smi/.m2/repository/com/github/almasb/fxgl-intelligence/21.1/fxgl-intelligence-21.1.jar!/com/almasb/fxgl/intelligence/speechrecog/index.html as intelligence/speechrecog/index.html
17:54:54.828 [FXGL Background Thread 1 ] DEBUG ResourceExtractor    - Extracting jar:file:///C:/Users/o_smi/.m2/repository/com/github/almasb/fxgl-intelligence/21.1/fxgl-intelligence-21.1.jar!/com/almasb/fxgl/intelligence/speechrecog/script.js as intelligence/speechrecog/script.js
17:54:54.866 [FXGL Background Thread 1 ] DEBUG FXGLAssetLoaderServi - User app class for loading assets: class org.javaclass.speechecongexample.HelloApplication
17:54:54.866 [FXGL Background Thread 1 ] DEBUG GameApplicationServi - Applying CSS: fxgl_dark.css
17:54:54.867 [FXGL Background Thread 1 ] DEBUG FXGLAssetLoaderServi - Loading from file system: jar:file:///C:/Users/o_smi/.m2/repository/com/github/almasb/fxgl/21.1/fxgl-21.1.jar!/fxglassets/ui/css/fxgl_dark.css
17:54:54.928 [FXGL Background Thread 1 ] DEBUG GameApplicationServi - Initializing application scenes
17:54:54.966 [FXGL Background Thread 1 ] DEBUG GameWorld            - Game world initialized
17:54:55.054 [FXGL Background Thread 1 ] DEBUG PhysicsWorld         - Physics world initialized: appHeight=720, physics.ppm=50.0
17:54:55.054 [FXGL Background Thread 1 ] DEBUG PhysicsWorld         - Using strategy: BRUTE_FORCE
17:54:55.059 [FXGL Background Thread 1 ] DEBUG GameScene            - Game scene initialized: 1900x720
17:54:55.077 [FXGL Background Thread 1 ] DEBUG FXGL.DefaultMenu     - createMenuBodyGameMenu()
17:54:55.097 [FXGL Background Thread 1 ] DEBUG FXGL.DefaultMenu     - createOptionsMenu()
17:54:55.110 [FXGL Background Thread 1 ] DEBUG FXGLAssetLoaderServi - Loading from file system: jar:file:///C:/Users/o_smi/.m2/repository/com/github/almasb/fxgl/21.1/fxgl-21.1.jar!/fxglassets/textures/particles/smoke.png
17:54:55.236 [FXGL Background Thread 1 ] DEBUG FXGLAssetLoaderServi - Loading from file system: jar:file:///C:/Users/o_smi/.m2/repository/com/github/almasb/fxgl/21.1/fxgl-21.1.jar!/fxglassets/textures/particles/trace_horizontal.png
17:54:55.270 [FXGL Background Thread 1 ] DEBUG GameApplicationServi - Application scenes initialized
17:54:55.287 [FXGL Background Thread 1 ] DEBUG SystemBundleService  - Loading FXGL system data
17:54:55.293 [FXGL Background Thread 1 ] DEBUG FileSystemAccess     - Reading from: C:\Users\o_smi\Desktop\Java\Projects\JavaClassLevel1\SpeechEcongExample\system\fxgl.bundle
17:54:55.306 [FXGL Background Thread 1 ] DEBUG SystemBundleService  - Bundle FXGL: {}
17:54:55.307 [FXGL Background Thread 1 ] DEBUG UpdaterService       - Checking for updates
17:54:55.311 [FXGL Background Thread 1 ] DEBUG RPCService           - Added SpeechRecognitionService methods: [onSpeechInput, onSpeechInput$lambda$1, initService, addInputHandler, removeInputHandler]
17:54:55.314 [FXGL Background Thread 4 ] DEBUG FXGLApplication      - Loading fonts
17:54:55.314 [FXGL Background Thread 4 ] DEBUG FXGLAssetLoaderServi - Loading from file system: jar:file:///C:/Users/o_smi/.m2/repository/com/github/almasb/fxgl/21.1/fxgl-21.1.jar!/fxglassets/ui/fonts/VarelaRound-Regular.ttf
17:54:55.316 [FXGL Background Thread 1 ] DEBUG FXGLApplication      - Loading default localization
17:54:55.317 [FXGL Background Thread 1 ] DEBUG FXGLAssetLoaderServi - Loading from file system: jar:file:///C:/Users/o_smi/.m2/repository/com/github/almasb/fxgl/21.1/fxgl-21.1.jar!/fxglassets/languages/english.lang
17:54:55.352 [FXGL Background Thread 1 ] INFO  FXGLApplication      - FXGL initialization took: 0.604 sec
17:54:55.354 [JavaFX Application Thread] DEBUG FXGLAssetLoaderServi - Loading from file system: jar:file:///C:/Users/o_smi/.m2/repository/com/github/almasb/fxgl/21.1/fxgl-21.1.jar!/fxglassets/textures/fxgl_icon.png
17:54:55.378 [FXGL Background Thread 4 ] DEBUG FXGLAssetLoaderServi - Loading from file system: jar:file:///C:/Users/o_smi/.m2/repository/com/github/almasb/fxgl/21.1/fxgl-21.1.jar!/fxglassets/ui/fonts/Abel-Regular.ttf
17:54:55.381 [WebSocketSelector-54     ] DEBUG WSServer SpeechRecog - Server started successfully
17:54:55.385 [JavaFX Application Thread] DEBUG FXGLAssetLoaderServi - Loading from file system: jar:file:///C:/Users/o_smi/.m2/repository/com/github/almasb/fxgl/21.1/fxgl-21.1.jar!/fxglassets/textures/fxgl_default_cursor.png
17:54:55.393 [FXGL Background Thread 4 ] DEBUG FXGLAssetLoaderServi - Loading from file system: jar:file:///C:/Users/o_smi/.m2/repository/com/github/almasb/fxgl/21.1/fxgl-21.1.jar!/fxglassets/ui/fonts/TerminalLandMono-Regular.otf
17:54:55.403 [JavaFX Application Thread] DEBUG Input                - Registered new binding: Screenshot - CTRL+8
17:54:55.404 [JavaFX Application Thread] DEBUG Input                - Registered new binding: System info dump - CTRL+9
17:54:55.405 [JavaFX Application Thread] DEBUG Input                - Registered new binding: Restart - CTRL+R
17:54:55.405 [FXGL Background Thread 4 ] DEBUG FXGLAssetLoaderServi - Loading from file system: jar:file:///C:/Users/o_smi/.m2/repository/com/github/almasb/fxgl/21.1/fxgl-21.1.jar!/fxglassets/ui/fonts/Courier-Prime.ttf
17:54:55.406 [JavaFX Application Thread] DEBUG Input                - Registered new binding: Toggle Debug Camera - CTRL+7
17:54:55.413 [JavaFX Application Thread] DEBUG LoopRunner           - Starting loop
17:54:55.413 [JavaFX Application Thread] DEBUG LoopRunner           - Initializing JavaFX AnimationTimerLoop
17:54:55.416 [JavaFX Application Thread] DEBUG GameApplicationServi - Starting new game
17:54:55.417 [JavaFX Application Thread] DEBUG Input                - Clearing active input actions
17:54:55.435 [JavaFX Application Thread] DEBUG GameApplicationServi - Removing overlay from FXGLStartupScene and adding to FXGLLoadingScene
17:54:55.436 [JavaFX Application Thread] DEBUG PrimaryStageWindow   - FXGLStartupScene -> FXGLLoadingScene
17:54:55.436 [JavaFX Application Thread] DEBUG GameApplicationServi - Clearing previous game
17:54:55.436 [JavaFX Application Thread] DEBUG GameScene            - Clearing game scene
17:54:55.436 [JavaFX Application Thread] DEBUG GameWorld            - Clearing game world
17:54:55.436 [JavaFX Application Thread] DEBUG PhysicsWorld         - Clearing physics world
17:54:55.439 [FXGL Background Thread 4 ] DEBUG FXGLApplication      - Initializing game
17:54:55.439 [JavaFX Application Thread] DEBUG FXGLApplication      - Registering font factories with UI factory
17:54:55.445 [FXGL Background Thread 1 ] DEBUG WebAPIService        - WebDriver opening: file:/C:/Users/o_smi/.openjfx/cache/fxgl-21/intelligence/speechrecog/index.html
17:54:55.482 [FXGL Background Thread 4 ] INFO  FXGLApplication      - Game initialization took: 0.042 sec
17:54:55.519 [JavaFX Application Thread] DEBUG Input                - Clearing active input actions
17:54:55.530 [JavaFX Application Thread] DEBUG GameApplicationServi - Removing overlay from FXGLLoadingScene and adding to GameScene
17:54:55.531 [JavaFX Application Thread] DEBUG PrimaryStageWindow   - FXGLLoadingScene -> GameScene
17:54:57.585 [WebSocketWorker-39       ] DEBUG WSServer SpeechRecog - Opened connection: /127.0.0.1:53309
17:54:58.313 [FXGL Background Thread 3 ] DEBUG Engine               - Logging environment variables
17:54:58.314 [FXGL Background Thread 3 ] DEBUG Engine               - achievements: []
17:54:58.314 [FXGL Background Thread 3 ] DEBUG Engine               - actualHeight: 720.0
17:54:58.314 [FXGL Background Thread 3 ] DEBUG Engine               - actualHeightProperty: ReadOnlyDoubleProperty [value: 720.0]
17:54:58.314 [FXGL Background Thread 3 ] DEBUG Engine               - actualWidth: 1900.0
17:54:58.315 [FXGL Background Thread 3 ] DEBUG Engine               - actualWidthProperty: ReadOnlyDoubleProperty [value: 1900.0]
17:54:58.315 [FXGL Background Thread 3 ] DEBUG Engine               - appIcon: fxgl_icon.png
17:54:58.315 [FXGL Background Thread 3 ] DEBUG Engine               - applicationMode: DEVELOPER
17:54:58.315 [FXGL Background Thread 3 ] DEBUG Engine               - cSSList: [fxgl_dark.css]
17:54:58.315 [FXGL Background Thread 3 ] DEBUG Engine               - collisionDetectionStrategy: BRUTE_FORCE
17:54:58.316 [FXGL Background Thread 3 ] DEBUG Engine               - configClass: Optional.empty
17:54:58.316 [FXGL Background Thread 3 ] DEBUG Engine               - credits: []
17:54:58.317 [FXGL Background Thread 3 ] DEBUG Engine               - defaultCursor: CursorInfo(imageName=fxgl_default_cursor.png, hotspotX=7.0, hotspotY=6.0)
17:54:58.317 [FXGL Background Thread 3 ] DEBUG Engine               - devBBoxColorProperty: ObjectProperty [value: 0xff0000ff]
17:54:58.317 [FXGL Background Thread 3 ] DEBUG Engine               - devEnableDebugCameraProperty: BooleanProperty [value: false]
17:54:58.318 [FXGL Background Thread 3 ] DEBUG Engine               - devSensorColorProperty: ObjectProperty [value: 0xffff00ff]
17:54:58.318 [FXGL Background Thread 3 ] DEBUG Engine               - devShowBBoxProperty: BooleanProperty [value: false]
17:54:58.318 [FXGL Background Thread 3 ] DEBUG Engine               - devShowPositionProperty: BooleanProperty [value: false]
17:54:58.318 [FXGL Background Thread 3 ] DEBUG Engine               - enabledMenuItems: []
17:54:58.318 [FXGL Background Thread 3 ] DEBUG Engine               - engineServices: [class com.almasb.fxgl.app.services.FXGLAssetLoaderService, class com.almasb.fxgl.app.FXGLApplication$GameApplicationService, class com.almasb.fxgl.app.services.FXGLDialogService, class com.almasb.fxgl.app.services.IOTaskExecutorService, class com.almasb.fxgl.io.FileSystemService, class com.almasb.fxgl.localization.LocalizationService, class com.almasb.fxgl.app.services.SystemBundleService, class com.almasb.fxgl.profile.SaveLoadService, class com.almasb.fxgl.ui.FXGLUIFactoryServiceProvider, class com.almasb.fxgl.ui.FXGLDialogFactoryServiceProvider, class com.almasb.fxgl.audio.AudioPlayer, class com.almasb.fxgl.notification.impl.NotificationServiceProvider, class com.almasb.fxgl.achievement.AchievementService, class com.almasb.fxgl.cutscene.CutsceneService, class com.almasb.fxgl.minigames.MiniGameService, class com.almasb.fxgl.net.NetService, class com.almasb.fxgl.app.services.UpdaterService, class com.almasb.fxgl.dev.DevService, class com.almasb.fxgl.intelligence.speechrecog.SpeechRecognitionService]
17:54:58.319 [FXGL Background Thread 3 ] DEBUG Engine               - fontGame: Abel-Regular.ttf
17:54:58.319 [FXGL Background Thread 3 ] DEBUG Engine               - fontMono: TerminalLandMono-Regular.otf
17:54:58.319 [FXGL Background Thread 3 ] DEBUG Engine               - fontSizeScaleUI: 1.0
17:54:58.319 [FXGL Background Thread 3 ] DEBUG Engine               - fontText: Courier-Prime.ttf
17:54:58.319 [FXGL Background Thread 3 ] DEBUG Engine               - fontUI: VarelaRound-Regular.ttf
17:54:58.319 [FXGL Background Thread 3 ] DEBUG Engine               - fullScreen: BooleanProperty [value: false]
17:54:58.320 [FXGL Background Thread 3 ] DEBUG Engine               - gameDifficulty: MEDIUM
17:54:58.320 [FXGL Background Thread 3 ] DEBUG Engine               - gameDifficultyProperty: ObjectProperty [value: MEDIUM]
17:54:58.320 [FXGL Background Thread 3 ] DEBUG Engine               - globalMusicVolume: 0.5
17:54:58.320 [FXGL Background Thread 3 ] DEBUG Engine               - globalMusicVolumeProperty: DoubleProperty [value: 0.5]
17:54:58.320 [FXGL Background Thread 3 ] DEBUG Engine               - globalSoundVolume: 0.5
17:54:58.321 [FXGL Background Thread 3 ] DEBUG Engine               - globalSoundVolumeProperty: DoubleProperty [value: 0.5]
17:54:58.321 [FXGL Background Thread 3 ] DEBUG Engine               - height: 720
17:54:58.321 [FXGL Background Thread 3 ] DEBUG Engine               - is3D: false
17:54:58.321 [FXGL Background Thread 3 ] DEBUG Engine               - isAndroid: false
17:54:58.321 [FXGL Background Thread 3 ] DEBUG Engine               - isBrowser: false
17:54:58.321 [FXGL Background Thread 3 ] DEBUG Engine               - isClickFeedbackEnabled: false
17:54:58.321 [FXGL Background Thread 3 ] DEBUG Engine               - isCloseConfirmation: false
17:54:58.322 [FXGL Background Thread 3 ] DEBUG Engine               - isDesktop: true
17:54:58.322 [FXGL Background Thread 3 ] DEBUG Engine               - isDeveloperMenuEnabled: false
17:54:58.322 [FXGL Background Thread 3 ] DEBUG Engine               - isEmbedded: false
17:54:58.322 [FXGL Background Thread 3 ] DEBUG Engine               - isEntityPreloadEnabled: true
17:54:58.322 [FXGL Background Thread 3 ] DEBUG Engine               - isExperimentalTiledLargeMap: false
17:54:58.322 [FXGL Background Thread 3 ] DEBUG Engine               - isFileSystemWriteAllowed: true
17:54:58.323 [FXGL Background Thread 3 ] DEBUG Engine               - isFullScreenAllowed: false
17:54:58.323 [FXGL Background Thread 3 ] DEBUG Engine               - isFullScreenFromStart: false
17:54:58.323 [FXGL Background Thread 3 ] DEBUG Engine               - isGameMenuEnabled: true
17:54:58.323 [FXGL Background Thread 3 ] DEBUG Engine               - isIOS: false
17:54:58.323 [FXGL Background Thread 3 ] DEBUG Engine               - isIntroEnabled: false
17:54:58.323 [FXGL Background Thread 3 ] DEBUG Engine               - isLinux: false
17:54:58.323 [FXGL Background Thread 3 ] DEBUG Engine               - isMac: false
17:54:58.324 [FXGL Background Thread 3 ] DEBUG Engine               - isMainMenuEnabled: false
17:54:58.324 [FXGL Background Thread 3 ] DEBUG Engine               - isManualResizeEnabled: false
17:54:58.324 [FXGL Background Thread 3 ] DEBUG Engine               - isMobile: false
17:54:58.324 [FXGL Background Thread 3 ] DEBUG Engine               - isNative: false
17:54:58.324 [FXGL Background Thread 3 ] DEBUG Engine               - isPauseMusicWhenMinimized: true
17:54:58.324 [FXGL Background Thread 3 ] DEBUG Engine               - isPreserveResizeRatio: false
17:54:58.324 [FXGL Background Thread 3 ] DEBUG Engine               - isProfilingEnabled: false
17:54:58.325 [FXGL Background Thread 3 ] DEBUG Engine               - isScaleAffectedOnResize: true
17:54:58.325 [FXGL Background Thread 3 ] DEBUG Engine               - isSingleStep: false
17:54:58.325 [FXGL Background Thread 3 ] DEBUG Engine               - isUserProfileEnabled: false
17:54:58.325 [FXGL Background Thread 3 ] DEBUG Engine               - isWindows: true
17:54:58.325 [FXGL Background Thread 3 ] DEBUG Engine               - language: ObjectProperty [value: ENGLISH]
17:54:58.325 [FXGL Background Thread 3 ] DEBUG Engine               - menuKey: ESCAPE
17:54:58.325 [FXGL Background Thread 3 ] DEBUG Engine               - mouseSensitivity: 0.2
17:54:58.326 [FXGL Background Thread 3 ] DEBUG Engine               - notificationViewClass: class com.almasb.fxgl.notification.view.XboxNotificationView
17:54:58.326 [FXGL Background Thread 3 ] DEBUG Engine               - pixelsPerMeter: 50.0
17:54:58.326 [FXGL Background Thread 3 ] DEBUG Engine               - platform: WINDOWS
17:54:58.326 [FXGL Background Thread 3 ] DEBUG Engine               - prefHeightProperty: ReadOnlyDoubleProperty [value: 720.0]
17:54:58.326 [FXGL Background Thread 3 ] DEBUG Engine               - prefWidthProperty: ReadOnlyDoubleProperty [value: 1900.0]
17:54:58.326 [FXGL Background Thread 3 ] DEBUG Engine               - profileDir: profiles/
17:54:58.327 [FXGL Background Thread 3 ] DEBUG Engine               - profileName: StringProperty [value: DEFAULT]
17:54:58.327 [FXGL Background Thread 3 ] DEBUG Engine               - randomSeed: -1
17:54:58.327 [FXGL Background Thread 3 ] DEBUG Engine               - runtimeInfo: RuntimeInfo(platform=WINDOWS, version=21.1, build=27.03.2024 07.52)
17:54:58.328 [FXGL Background Thread 3 ] DEBUG Engine               - saveFileExt: sav
17:54:58.328 [FXGL Background Thread 3 ] DEBUG Engine               - scaledHeightProp$fxgl: DoubleProperty [bound, value: 720.0]
17:54:58.328 [FXGL Background Thread 3 ] DEBUG Engine               - scaledWidthProp$fxgl: DoubleProperty [bound, value: 1900.0]
17:54:58.328 [FXGL Background Thread 3 ] DEBUG Engine               - sceneFactory: com.almasb.fxgl.app.scene.SceneFactory@483aa099
17:54:58.328 [FXGL Background Thread 3 ] DEBUG Engine               - secondsIn24h: 60
17:54:58.328 [FXGL Background Thread 3 ] DEBUG Engine               - soundMenuBack: menu/back.wav
17:54:58.329 [FXGL Background Thread 3 ] DEBUG Engine               - soundMenuPress: menu/press.wav
17:54:58.329 [FXGL Background Thread 3 ] DEBUG Engine               - soundMenuSelect: menu/select.wav
17:54:58.329 [FXGL Background Thread 3 ] DEBUG Engine               - soundNotification: core/notification.wav
17:54:58.329 [FXGL Background Thread 3 ] DEBUG Engine               - stageStyle: DECORATED
17:54:58.329 [FXGL Background Thread 3 ] DEBUG Engine               - supportedLanguages: [ENGLISH, FRENCH, GERMAN, HUNGARIAN, RUSSIAN]
17:54:58.329 [FXGL Background Thread 3 ] DEBUG Engine               - ticksPerSecond: -1
17:54:58.330 [FXGL Background Thread 3 ] DEBUG Engine               - title: Untitled
17:54:58.330 [FXGL Background Thread 3 ] DEBUG Engine               - urlGithub: https://github.com/AlmasB/FXGL
17:54:58.330 [FXGL Background Thread 3 ] DEBUG Engine               - urlLeaderboard: http://fxgl-top.herokuapp.com/
17:54:58.330 [FXGL Background Thread 3 ] DEBUG Engine               - urlPOM: https://raw.githubusercontent.com/AlmasB/FXGL/release/README.md
17:54:58.330 [FXGL Background Thread 3 ] DEBUG Engine               - userAppClass: class org.javaclass.speechecongexample.HelloApplication
17:54:58.330 [FXGL Background Thread 3 ] DEBUG Engine               - version: 0.0
17:54:58.331 [FXGL Background Thread 3 ] DEBUG Engine               - versionCheckDays: 7
17:54:58.331 [FXGL Background Thread 3 ] DEBUG Engine               - width: 1900
17:54:58.331 [FXGL Background Thread 3 ] DEBUG Engine               - Logging services
17:54:58.331 [FXGL Background Thread 3 ] DEBUG Engine               - class com.almasb.fxgl.app.services.FXGLAssetLoaderService
17:54:58.331 [FXGL Background Thread 3 ] DEBUG Engine               - class com.almasb.fxgl.app.FXGLApplication$GameApplicationService
17:54:58.331 [FXGL Background Thread 3 ] DEBUG Engine               - class com.almasb.fxgl.app.services.FXGLDialogService
17:54:58.331 [FXGL Background Thread 3 ] DEBUG Engine               - class com.almasb.fxgl.app.services.IOTaskExecutorService
17:54:58.331 [FXGL Background Thread 3 ] DEBUG Engine               - class com.almasb.fxgl.io.FileSystemService
17:54:58.332 [FXGL Background Thread 3 ] DEBUG Engine               - class com.almasb.fxgl.localization.LocalizationService
17:54:58.332 [FXGL Background Thread 3 ] DEBUG Engine               - class com.almasb.fxgl.app.services.SystemBundleService
17:54:58.332 [FXGL Background Thread 3 ] DEBUG Engine               - class com.almasb.fxgl.profile.SaveLoadService
17:54:58.332 [FXGL Background Thread 3 ] DEBUG Engine               - class com.almasb.fxgl.ui.FXGLUIFactoryServiceProvider
17:54:58.332 [FXGL Background Thread 3 ] DEBUG Engine               - class com.almasb.fxgl.ui.FXGLDialogFactoryServiceProvider
17:54:58.332 [FXGL Background Thread 3 ] DEBUG Engine               - class com.almasb.fxgl.audio.AudioPlayer
17:54:58.332 [FXGL Background Thread 3 ] DEBUG Engine               - class com.almasb.fxgl.notification.impl.NotificationServiceProvider
17:54:58.332 [FXGL Background Thread 3 ] DEBUG Engine               - class com.almasb.fxgl.achievement.AchievementService
17:54:58.333 [FXGL Background Thread 3 ] DEBUG Engine               - class com.almasb.fxgl.cutscene.CutsceneService
17:54:58.333 [FXGL Background Thread 3 ] DEBUG Engine               - class com.almasb.fxgl.minigames.MiniGameService
17:54:58.333 [FXGL Background Thread 3 ] DEBUG Engine               - class com.almasb.fxgl.net.NetService
17:54:58.333 [FXGL Background Thread 3 ] DEBUG Engine               - class com.almasb.fxgl.app.services.UpdaterService
17:54:58.333 [FXGL Background Thread 3 ] DEBUG Engine               - class com.almasb.fxgl.dev.DevService
17:54:58.333 [FXGL Background Thread 3 ] DEBUG Engine               - class com.almasb.fxgl.intelligence.speechrecog.SpeechRecognitionService
17:55:04.028 [WebSocketWorker-39       ] DEBUG SpeechRecognitionSer - Received speech input (0.9074561595916748): ran up
17:55:10.192 [WebSocketWorker-39       ] DEBUG SpeechRecognitionSer - Received speech input (0.595182478427887):  red
17:55:12.434 [WebSocketWorker-39       ] DEBUG SpeechRecognitionSer - Received speech input (0.9360899925231934):  up
17:55:15.536 [WebSocketWorker-39       ] DEBUG SpeechRecognitionSer - Received speech input (0.6860796213150024):  red
17:55:17.954 [WebSocketWorker-39       ] DEBUG SpeechRecognitionSer - Received speech input (0.7126786112785339):  red
17:55:21.110 [WebSocketWorker-39       ] DEBUG SpeechRecognitionSer - Received speech input (0.9680725336074829):  down
17:55:24.318 [WebSocketWorker-39       ] DEBUG SpeechRecognitionSer - Received speech input (0.9721954464912415):  yellow
17:55:26.602 [WebSocketWorker-39       ] DEBUG SpeechRecognitionSer - Received speech input (0.9721954464912415):  down
17:55:33.407 [WebSocketWorker-39       ] DEBUG SpeechRecognitionSer - Received speech input (0.7007502317428589):  low
17:55:35.317 [WebSocketWorker-39       ] DEBUG SpeechRecognitionSer - Received speech input (0.9721954464912415):  left
17:55:39.716 [WebSocketWorker-39       ] DEBUG SpeechRecognitionSer - Received speech input (0.9508240222930908):  blue
17:55:41.513 [WebSocketWorker-39       ] DEBUG SpeechRecognitionSer - Received speech input (0.945935070514679):  left
17:55:46.649 [WebSocketWorker-39       ] DEBUG SpeechRecognitionSer - Received speech input (0.8737283945083618):  red up
17:55:50.526 [WebSocketWorker-39       ] DEBUG SpeechRecognitionSer - Received speech input (0.9696141481399536):  green left
17:55:53.611 [WebSocketWorker-39       ] DEBUG SpeechRecognitionSer - Received speech input (0.9721954464912415):  yellow
17:55:54.913 [WebSocketWorker-39       ] DEBUG SpeechRecognitionSer - Received speech input (0.9670838117599487):  right
17:56:06.009 [WebSocketWorker-39       ] DEBUG SpeechRecognitionSer - Received speech input (0.966154158115387):  yellow left
17:56:07.712 [WebSocketWorker-39       ] DEBUG SpeechRecognitionSer - Received speech input (0.9431067109107971):  green
17:56:09.112 [WebSocketWorker-39       ] DEBUG SpeechRecognitionSer - Received speech input (0.8556479215621948):  left
17:56:12.633 [WebSocketWorker-39       ] DEBUG SpeechRecognitionSer - Received speech input (0.7678643465042114):  green right
17:56:38.845 [JavaFX Application Thread] DEBUG FXGLApplication      - Exiting FXGL
17:56:38.845 [JavaFX Application Thread] DEBUG LoopRunner           - Stopping loop
17:56:38.845 [JavaFX Application Thread] DEBUG SystemBundleService  - Saving FXGL system data
17:56:38.849 [JavaFX Application Thread] DEBUG FileSystemAccess     - Writing to: C:\Users\o_smi\Desktop\Java\Projects\JavaClassLevel1\SpeechEcongExample\system\fxgl.bundle
17:56:38.881 [WebSocketSelector-54     ] DEBUG WSServer SpeechRecog - Closed connection, code: 1006
17:56:39.194 [JavaFX Application Thread] DEBUG Async                - Shutting down background threads
17:56:39.194 [JavaFX Application Thread] DEBUG PrimaryStageWindow   - Closing main window
17:56:39.211 [JavaFX Application Thread] DEBUG Logger               - Closing Logger
