17:35:44.148 [main                     ] DEBUG Logger               - Configured Logger
17:35:44.183 [main                     ] DEBUG GameApplication      - Logging settings
Title: Untitled
Version: 0.0
Width: 1280
Height: 720
Fullscreen: false
Intro: false
Profiling: false
Single step:false
App Mode: DEVELOPER
Menu Key: ESCAPE
Stage Style: DECORATED
Scene Factory: class com.almasb.fxgl.app.scene.SceneFactory

17:35:44.735 [JavaFX Application Thread] DEBUG FXGLApplication      - Initializing FXGL
17:35:44.741 [JavaFX Application Thread] INFO  Engine               - FXGL-21.1 (27.03.2024 07.52) on WINDOWS (J:21.0.2 FX:21)
17:35:44.741 [JavaFX Application Thread] DEBUG Engine               - JRE Vendor Name: Oracle Corporation
17:35:44.742 [JavaFX Application Thread] DEBUG Engine               - Running on OS: Windows 10 version 10.0
17:35:44.742 [JavaFX Application Thread] DEBUG Engine               - Architecture: amd64
17:35:44.742 [JavaFX Application Thread] INFO  Engine               - Source code and latest versions at: https://github.com/AlmasB/FXGL
17:35:44.742 [JavaFX Application Thread] INFO  Engine               -       Ask questions and discuss at: https://github.com/AlmasB/FXGL/discussions
17:35:44.743 [JavaFX Application Thread] INFO  Engine               -              Join the FXGL chat at: https://gitter.im/AlmasB/FXGL
17:35:44.892 [JavaFX Application Thread] DEBUG PrimaryStageWindow   - Creating a JavaFX scene
17:35:44.959 [JavaFX Application Thread] DEBUG PrimaryStageWindow   - Target settings size: 1280.0 x 720.0
17:35:44.960 [JavaFX Application Thread] DEBUG PrimaryStageWindow   - Scaled scene size:    1280.0 x 720.0
17:35:44.960 [JavaFX Application Thread] DEBUG PrimaryStageWindow   - Scaled ratio: (1.0, 1.0)
17:35:44.961 [JavaFX Application Thread] DEBUG PrimaryStageWindow   - Set initial scene to FXGLStartupScene
17:35:44.965 [JavaFX Application Thread] DEBUG PrimaryStageWindow   - Opening main window
17:35:45.087 [JavaFX Application Thread] DEBUG PrimaryStageWindow   - Window border size: (16.0, 39.0)
17:35:45.087 [JavaFX Application Thread] DEBUG PrimaryStageWindow   - Scaled size: 1280.0 x 720.0
17:35:45.088 [JavaFX Application Thread] DEBUG PrimaryStageWindow   - Scaled ratio: (1.0, 1.0)
17:35:45.088 [JavaFX Application Thread] DEBUG PrimaryStageWindow   - Scene size: 1280.0 x 720.0
17:35:45.088 [JavaFX Application Thread] DEBUG PrimaryStageWindow   - Stage size: 1296.0 x 759.0
17:35:45.098 [FXGL Background Thread 1 ] DEBUG Engine               - Initializing environment variables
17:35:45.168 [FXGL Background Thread 1 ] DEBUG ResourceExtractor    - Extracting jar:file:///C:/Users/o_smi/.m2/repository/com/github/almasb/fxgl-intelligence/21.1/fxgl-intelligence-21.1.jar!/com/almasb/fxgl/intelligence/rpc-common.js as intelligence/rpc-common.js
17:35:45.171 [FXGL Background Thread 1 ] DEBUG ResourceExtractor    - Extracting jar:file:///C:/Users/o_smi/.m2/repository/com/github/almasb/fxgl-intelligence/21.1/fxgl-intelligence-21.1.jar!/com/almasb/fxgl/intelligence/tts/index.html as intelligence/tts/index.html
17:35:45.172 [FXGL Background Thread 1 ] DEBUG ResourceExtractor    - Extracting jar:file:///C:/Users/o_smi/.m2/repository/com/github/almasb/fxgl-intelligence/21.1/fxgl-intelligence-21.1.jar!/com/almasb/fxgl/intelligence/tts/script.js as intelligence/tts/script.js
17:35:45.174 [FXGL Background Thread 1 ] DEBUG ResourceExtractor    - Extracting jar:file:///C:/Users/o_smi/.m2/repository/com/github/almasb/fxgl-intelligence/21.1/fxgl-intelligence-21.1.jar!/com/almasb/fxgl/intelligence/gesturerecog/index.html as intelligence/gesturerecog/index.html
17:35:45.175 [FXGL Background Thread 1 ] DEBUG ResourceExtractor    - Extracting jar:file:///C:/Users/o_smi/.m2/repository/com/github/almasb/fxgl-intelligence/21.1/fxgl-intelligence-21.1.jar!/com/almasb/fxgl/intelligence/speechrecog/index.html as intelligence/speechrecog/index.html
17:35:45.177 [FXGL Background Thread 1 ] DEBUG ResourceExtractor    - Extracting jar:file:///C:/Users/o_smi/.m2/repository/com/github/almasb/fxgl-intelligence/21.1/fxgl-intelligence-21.1.jar!/com/almasb/fxgl/intelligence/speechrecog/script.js as intelligence/speechrecog/script.js
17:35:45.211 [FXGL Background Thread 1 ] DEBUG FXGLAssetLoaderServi - User app class for loading assets: class org.javaclass.speechecongexample.HelloApplication
17:35:45.211 [FXGL Background Thread 1 ] DEBUG GameApplicationServi - Applying CSS: fxgl_dark.css
17:35:45.212 [FXGL Background Thread 1 ] DEBUG FXGLAssetLoaderServi - Loading from file system: jar:file:///C:/Users/o_smi/.m2/repository/com/github/almasb/fxgl/21.1/fxgl-21.1.jar!/fxglassets/ui/css/fxgl_dark.css
17:35:45.275 [FXGL Background Thread 1 ] DEBUG GameApplicationServi - Initializing application scenes
17:35:45.313 [FXGL Background Thread 1 ] DEBUG GameWorld            - Game world initialized
17:35:45.404 [FXGL Background Thread 1 ] DEBUG PhysicsWorld         - Physics world initialized: appHeight=720, physics.ppm=50.0
17:35:45.404 [FXGL Background Thread 1 ] DEBUG PhysicsWorld         - Using strategy: BRUTE_FORCE
17:35:45.410 [FXGL Background Thread 1 ] DEBUG GameScene            - Game scene initialized: 1280x720
17:35:45.426 [FXGL Background Thread 1 ] DEBUG FXGL.DefaultMenu     - createMenuBodyGameMenu()
17:35:45.448 [FXGL Background Thread 1 ] DEBUG FXGL.DefaultMenu     - createOptionsMenu()
17:35:45.461 [FXGL Background Thread 1 ] DEBUG FXGLAssetLoaderServi - Loading from file system: jar:file:///C:/Users/o_smi/.m2/repository/com/github/almasb/fxgl/21.1/fxgl-21.1.jar!/fxglassets/textures/particles/smoke.png
17:35:45.589 [FXGL Background Thread 1 ] DEBUG FXGLAssetLoaderServi - Loading from file system: jar:file:///C:/Users/o_smi/.m2/repository/com/github/almasb/fxgl/21.1/fxgl-21.1.jar!/fxglassets/textures/particles/trace_horizontal.png
17:35:45.622 [FXGL Background Thread 1 ] DEBUG GameApplicationServi - Application scenes initialized
17:35:45.639 [FXGL Background Thread 1 ] DEBUG SystemBundleService  - Loading FXGL system data
17:35:45.645 [FXGL Background Thread 1 ] DEBUG FileSystemAccess     - Reading from: C:\Users\o_smi\Desktop\Java\Projects\JavaClassLevel1\SpeechEcongExample\system\fxgl.bundle
17:35:45.659 [FXGL Background Thread 1 ] DEBUG SystemBundleService  - Bundle FXGL: {}
17:35:45.659 [FXGL Background Thread 1 ] DEBUG UpdaterService       - Checking for updates
17:35:45.662 [FXGL Background Thread 1 ] DEBUG RPCService           - Added SpeechRecognitionService methods: [onSpeechInput, onSpeechInput$lambda$1, initService, addInputHandler, removeInputHandler]
17:35:45.665 [FXGL Background Thread 4 ] DEBUG FXGLApplication      - Loading fonts
17:35:45.666 [FXGL Background Thread 4 ] DEBUG FXGLAssetLoaderServi - Loading from file system: jar:file:///C:/Users/o_smi/.m2/repository/com/github/almasb/fxgl/21.1/fxgl-21.1.jar!/fxglassets/ui/fonts/VarelaRound-Regular.ttf
17:35:45.667 [FXGL Background Thread 1 ] DEBUG FXGLApplication      - Loading default localization
17:35:45.668 [FXGL Background Thread 1 ] DEBUG FXGLAssetLoaderServi - Loading from file system: jar:file:///C:/Users/o_smi/.m2/repository/com/github/almasb/fxgl/21.1/fxgl-21.1.jar!/fxglassets/languages/english.lang
17:35:45.711 [FXGL Background Thread 1 ] INFO  FXGLApplication      - FXGL initialization took: 0.613 sec
17:35:45.713 [JavaFX Application Thread] DEBUG FXGLAssetLoaderServi - Loading from file system: jar:file:///C:/Users/o_smi/.m2/repository/com/github/almasb/fxgl/21.1/fxgl-21.1.jar!/fxglassets/textures/fxgl_icon.png
17:35:45.735 [WebSocketSelector-54     ] DEBUG WSServer SpeechRecog - Server started successfully
17:35:45.735 [FXGL Background Thread 4 ] DEBUG FXGLAssetLoaderServi - Loading from file system: jar:file:///C:/Users/o_smi/.m2/repository/com/github/almasb/fxgl/21.1/fxgl-21.1.jar!/fxglassets/ui/fonts/Abel-Regular.ttf
17:35:45.748 [FXGL Background Thread 4 ] DEBUG FXGLAssetLoaderServi - Loading from file system: jar:file:///C:/Users/o_smi/.m2/repository/com/github/almasb/fxgl/21.1/fxgl-21.1.jar!/fxglassets/ui/fonts/TerminalLandMono-Regular.otf
17:35:45.752 [JavaFX Application Thread] DEBUG FXGLAssetLoaderServi - Loading from file system: jar:file:///C:/Users/o_smi/.m2/repository/com/github/almasb/fxgl/21.1/fxgl-21.1.jar!/fxglassets/textures/fxgl_default_cursor.png
17:35:45.761 [FXGL Background Thread 4 ] DEBUG FXGLAssetLoaderServi - Loading from file system: jar:file:///C:/Users/o_smi/.m2/repository/com/github/almasb/fxgl/21.1/fxgl-21.1.jar!/fxglassets/ui/fonts/Courier-Prime.ttf
17:35:45.773 [JavaFX Application Thread] DEBUG Input                - Registered new binding: Screenshot - CTRL+8
17:35:45.774 [JavaFX Application Thread] DEBUG Input                - Registered new binding: System info dump - CTRL+9
17:35:45.775 [JavaFX Application Thread] DEBUG Input                - Registered new binding: Restart - CTRL+R
17:35:45.776 [JavaFX Application Thread] DEBUG Input                - Registered new binding: Toggle Debug Camera - CTRL+7
17:35:45.782 [JavaFX Application Thread] DEBUG LoopRunner           - Starting loop
17:35:45.782 [JavaFX Application Thread] DEBUG LoopRunner           - Initializing JavaFX AnimationTimerLoop
17:35:45.785 [JavaFX Application Thread] DEBUG GameApplicationServi - Starting new game
17:35:45.786 [JavaFX Application Thread] DEBUG Input                - Clearing active input actions
17:35:45.801 [JavaFX Application Thread] DEBUG GameApplicationServi - Removing overlay from FXGLStartupScene and adding to FXGLLoadingScene
17:35:45.802 [JavaFX Application Thread] DEBUG PrimaryStageWindow   - FXGLStartupScene -> FXGLLoadingScene
17:35:45.802 [JavaFX Application Thread] DEBUG GameApplicationServi - Clearing previous game
17:35:45.802 [JavaFX Application Thread] DEBUG GameScene            - Clearing game scene
17:35:45.802 [JavaFX Application Thread] DEBUG GameWorld            - Clearing game world
17:35:45.802 [JavaFX Application Thread] DEBUG PhysicsWorld         - Clearing physics world
17:35:45.805 [FXGL Background Thread 4 ] DEBUG FXGLApplication      - Initializing game
17:35:45.805 [JavaFX Application Thread] DEBUG FXGLApplication      - Registering font factories with UI factory
17:35:45.808 [FXGL Background Thread 1 ] DEBUG WebAPIService        - WebDriver opening: file:/C:/Users/o_smi/.openjfx/cache/fxgl-21/intelligence/speechrecog/index.html
17:35:45.837 [FXGL Background Thread 4 ] INFO  FXGLApplication      - Game initialization took: 0.032 sec
17:35:45.877 [JavaFX Application Thread] DEBUG Input                - Clearing active input actions
17:35:45.892 [JavaFX Application Thread] DEBUG GameApplicationServi - Removing overlay from FXGLLoadingScene and adding to GameScene
17:35:45.892 [JavaFX Application Thread] DEBUG PrimaryStageWindow   - FXGLLoadingScene -> GameScene
17:35:48.061 [WebSocketWorker-39       ] DEBUG WSServer SpeechRecog - Opened connection: /127.0.0.1:53152
17:35:48.664 [FXGL Background Thread 3 ] DEBUG Engine               - Logging environment variables
17:35:48.665 [FXGL Background Thread 3 ] DEBUG Engine               - achievements: []
17:35:48.665 [FXGL Background Thread 3 ] DEBUG Engine               - actualHeight: 720.0
17:35:48.665 [FXGL Background Thread 3 ] DEBUG Engine               - actualHeightProperty: ReadOnlyDoubleProperty [value: 720.0]
17:35:48.666 [FXGL Background Thread 3 ] DEBUG Engine               - actualWidth: 1280.0
17:35:48.666 [FXGL Background Thread 3 ] DEBUG Engine               - actualWidthProperty: ReadOnlyDoubleProperty [value: 1280.0]
17:35:48.666 [FXGL Background Thread 3 ] DEBUG Engine               - appIcon: fxgl_icon.png
17:35:48.666 [FXGL Background Thread 3 ] DEBUG Engine               - applicationMode: DEVELOPER
17:35:48.666 [FXGL Background Thread 3 ] DEBUG Engine               - cSSList: [fxgl_dark.css]
17:35:48.667 [FXGL Background Thread 3 ] DEBUG Engine               - collisionDetectionStrategy: BRUTE_FORCE
17:35:48.667 [FXGL Background Thread 3 ] DEBUG Engine               - configClass: Optional.empty
17:35:48.667 [FXGL Background Thread 3 ] DEBUG Engine               - credits: []
17:35:48.668 [FXGL Background Thread 3 ] DEBUG Engine               - defaultCursor: CursorInfo(imageName=fxgl_default_cursor.png, hotspotX=7.0, hotspotY=6.0)
17:35:48.668 [FXGL Background Thread 3 ] DEBUG Engine               - devBBoxColorProperty: ObjectProperty [value: 0xff0000ff]
17:35:48.669 [FXGL Background Thread 3 ] DEBUG Engine               - devEnableDebugCameraProperty: BooleanProperty [value: false]
17:35:48.669 [FXGL Background Thread 3 ] DEBUG Engine               - devSensorColorProperty: ObjectProperty [value: 0xffff00ff]
17:35:48.669 [FXGL Background Thread 3 ] DEBUG Engine               - devShowBBoxProperty: BooleanProperty [value: false]
17:35:48.669 [FXGL Background Thread 3 ] DEBUG Engine               - devShowPositionProperty: BooleanProperty [value: false]
17:35:48.670 [FXGL Background Thread 3 ] DEBUG Engine               - enabledMenuItems: []
17:35:48.670 [FXGL Background Thread 3 ] DEBUG Engine               - engineServices: [class com.almasb.fxgl.app.services.FXGLAssetLoaderService, class com.almasb.fxgl.app.FXGLApplication$GameApplicationService, class com.almasb.fxgl.app.services.FXGLDialogService, class com.almasb.fxgl.app.services.IOTaskExecutorService, class com.almasb.fxgl.io.FileSystemService, class com.almasb.fxgl.localization.LocalizationService, class com.almasb.fxgl.app.services.SystemBundleService, class com.almasb.fxgl.profile.SaveLoadService, class com.almasb.fxgl.ui.FXGLUIFactoryServiceProvider, class com.almasb.fxgl.ui.FXGLDialogFactoryServiceProvider, class com.almasb.fxgl.audio.AudioPlayer, class com.almasb.fxgl.notification.impl.NotificationServiceProvider, class com.almasb.fxgl.achievement.AchievementService, class com.almasb.fxgl.cutscene.CutsceneService, class com.almasb.fxgl.minigames.MiniGameService, class com.almasb.fxgl.net.NetService, class com.almasb.fxgl.app.services.UpdaterService, class com.almasb.fxgl.dev.DevService, class com.almasb.fxgl.intelligence.speechrecog.SpeechRecognitionService]
17:35:48.670 [FXGL Background Thread 3 ] DEBUG Engine               - fontGame: Abel-Regular.ttf
17:35:48.670 [FXGL Background Thread 3 ] DEBUG Engine               - fontMono: TerminalLandMono-Regular.otf
17:35:48.670 [FXGL Background Thread 3 ] DEBUG Engine               - fontSizeScaleUI: 1.0
17:35:48.670 [FXGL Background Thread 3 ] DEBUG Engine               - fontText: Courier-Prime.ttf
17:35:48.671 [FXGL Background Thread 3 ] DEBUG Engine               - fontUI: VarelaRound-Regular.ttf
17:35:48.671 [FXGL Background Thread 3 ] DEBUG Engine               - fullScreen: BooleanProperty [value: false]
17:35:48.671 [FXGL Background Thread 3 ] DEBUG Engine               - gameDifficulty: MEDIUM
17:35:48.671 [FXGL Background Thread 3 ] DEBUG Engine               - gameDifficultyProperty: ObjectProperty [value: MEDIUM]
17:35:48.671 [FXGL Background Thread 3 ] DEBUG Engine               - globalMusicVolume: 0.5
17:35:48.672 [FXGL Background Thread 3 ] DEBUG Engine               - globalMusicVolumeProperty: DoubleProperty [value: 0.5]
17:35:48.672 [FXGL Background Thread 3 ] DEBUG Engine               - globalSoundVolume: 0.5
17:35:48.672 [FXGL Background Thread 3 ] DEBUG Engine               - globalSoundVolumeProperty: DoubleProperty [value: 0.5]
17:35:48.672 [FXGL Background Thread 3 ] DEBUG Engine               - height: 720
17:35:48.673 [FXGL Background Thread 3 ] DEBUG Engine               - is3D: false
17:35:48.673 [FXGL Background Thread 3 ] DEBUG Engine               - isAndroid: false
17:35:48.673 [FXGL Background Thread 3 ] DEBUG Engine               - isBrowser: false
17:35:48.673 [FXGL Background Thread 3 ] DEBUG Engine               - isClickFeedbackEnabled: false
17:35:48.673 [FXGL Background Thread 3 ] DEBUG Engine               - isCloseConfirmation: false
17:35:48.673 [FXGL Background Thread 3 ] DEBUG Engine               - isDesktop: true
17:35:48.674 [FXGL Background Thread 3 ] DEBUG Engine               - isDeveloperMenuEnabled: false
17:35:48.674 [FXGL Background Thread 3 ] DEBUG Engine               - isEmbedded: false
17:35:48.674 [FXGL Background Thread 3 ] DEBUG Engine               - isEntityPreloadEnabled: true
17:35:48.674 [FXGL Background Thread 3 ] DEBUG Engine               - isExperimentalTiledLargeMap: false
17:35:48.674 [FXGL Background Thread 3 ] DEBUG Engine               - isFileSystemWriteAllowed: true
17:35:48.674 [FXGL Background Thread 3 ] DEBUG Engine               - isFullScreenAllowed: false
17:35:48.675 [FXGL Background Thread 3 ] DEBUG Engine               - isFullScreenFromStart: false
17:35:48.675 [FXGL Background Thread 3 ] DEBUG Engine               - isGameMenuEnabled: true
17:35:48.675 [FXGL Background Thread 3 ] DEBUG Engine               - isIOS: false
17:35:48.675 [FXGL Background Thread 3 ] DEBUG Engine               - isIntroEnabled: false
17:35:48.675 [FXGL Background Thread 3 ] DEBUG Engine               - isLinux: false
17:35:48.676 [FXGL Background Thread 3 ] DEBUG Engine               - isMac: false
17:35:48.676 [FXGL Background Thread 3 ] DEBUG Engine               - isMainMenuEnabled: false
17:35:48.676 [FXGL Background Thread 3 ] DEBUG Engine               - isManualResizeEnabled: false
17:35:48.676 [FXGL Background Thread 3 ] DEBUG Engine               - isMobile: false
17:35:48.676 [FXGL Background Thread 3 ] DEBUG Engine               - isNative: false
17:35:48.676 [FXGL Background Thread 3 ] DEBUG Engine               - isPauseMusicWhenMinimized: true
17:35:48.676 [FXGL Background Thread 3 ] DEBUG Engine               - isPreserveResizeRatio: false
17:35:48.677 [FXGL Background Thread 3 ] DEBUG Engine               - isProfilingEnabled: false
17:35:48.677 [FXGL Background Thread 3 ] DEBUG Engine               - isScaleAffectedOnResize: true
17:35:48.677 [FXGL Background Thread 3 ] DEBUG Engine               - isSingleStep: false
17:35:48.677 [FXGL Background Thread 3 ] DEBUG Engine               - isUserProfileEnabled: false
17:35:48.677 [FXGL Background Thread 3 ] DEBUG Engine               - isWindows: true
17:35:48.677 [FXGL Background Thread 3 ] DEBUG Engine               - language: ObjectProperty [value: ENGLISH]
17:35:48.677 [FXGL Background Thread 3 ] DEBUG Engine               - menuKey: ESCAPE
17:35:48.678 [FXGL Background Thread 3 ] DEBUG Engine               - mouseSensitivity: 0.2
17:35:48.678 [FXGL Background Thread 3 ] DEBUG Engine               - notificationViewClass: class com.almasb.fxgl.notification.view.XboxNotificationView
17:35:48.678 [FXGL Background Thread 3 ] DEBUG Engine               - pixelsPerMeter: 50.0
17:35:48.678 [FXGL Background Thread 3 ] DEBUG Engine               - platform: WINDOWS
17:35:48.678 [FXGL Background Thread 3 ] DEBUG Engine               - prefHeightProperty: ReadOnlyDoubleProperty [value: 720.0]
17:35:48.678 [FXGL Background Thread 3 ] DEBUG Engine               - prefWidthProperty: ReadOnlyDoubleProperty [value: 1280.0]
17:35:48.679 [FXGL Background Thread 3 ] DEBUG Engine               - profileDir: profiles/
17:35:48.679 [FXGL Background Thread 3 ] DEBUG Engine               - profileName: StringProperty [value: DEFAULT]
17:35:48.679 [FXGL Background Thread 3 ] DEBUG Engine               - randomSeed: -1
17:35:48.680 [FXGL Background Thread 3 ] DEBUG Engine               - runtimeInfo: RuntimeInfo(platform=WINDOWS, version=21.1, build=27.03.2024 07.52)
17:35:48.680 [FXGL Background Thread 3 ] DEBUG Engine               - saveFileExt: sav
17:35:48.680 [FXGL Background Thread 3 ] DEBUG Engine               - scaledHeightProp$fxgl: DoubleProperty [bound, value: 720.0]
17:35:48.680 [FXGL Background Thread 3 ] DEBUG Engine               - scaledWidthProp$fxgl: DoubleProperty [bound, value: 1280.0]
17:35:48.681 [FXGL Background Thread 3 ] DEBUG Engine               - sceneFactory: com.almasb.fxgl.app.scene.SceneFactory@13569a92
17:35:48.681 [FXGL Background Thread 3 ] DEBUG Engine               - secondsIn24h: 60
17:35:48.681 [FXGL Background Thread 3 ] DEBUG Engine               - soundMenuBack: menu/back.wav
17:35:48.681 [FXGL Background Thread 3 ] DEBUG Engine               - soundMenuPress: menu/press.wav
17:35:48.681 [FXGL Background Thread 3 ] DEBUG Engine               - soundMenuSelect: menu/select.wav
17:35:48.681 [FXGL Background Thread 3 ] DEBUG Engine               - soundNotification: core/notification.wav
17:35:48.681 [FXGL Background Thread 3 ] DEBUG Engine               - stageStyle: DECORATED
17:35:48.682 [FXGL Background Thread 3 ] DEBUG Engine               - supportedLanguages: [ENGLISH, FRENCH, GERMAN, HUNGARIAN, RUSSIAN]
17:35:48.682 [FXGL Background Thread 3 ] DEBUG Engine               - ticksPerSecond: -1
17:35:48.682 [FXGL Background Thread 3 ] DEBUG Engine               - title: Untitled
17:35:48.682 [FXGL Background Thread 3 ] DEBUG Engine               - urlGithub: https://github.com/AlmasB/FXGL
17:35:48.682 [FXGL Background Thread 3 ] DEBUG Engine               - urlLeaderboard: http://fxgl-top.herokuapp.com/
17:35:48.682 [FXGL Background Thread 3 ] DEBUG Engine               - urlPOM: https://raw.githubusercontent.com/AlmasB/FXGL/release/README.md
17:35:48.682 [FXGL Background Thread 3 ] DEBUG Engine               - userAppClass: class org.javaclass.speechecongexample.HelloApplication
17:35:48.683 [FXGL Background Thread 3 ] DEBUG Engine               - version: 0.0
17:35:48.683 [FXGL Background Thread 3 ] DEBUG Engine               - versionCheckDays: 7
17:35:48.683 [FXGL Background Thread 3 ] DEBUG Engine               - width: 1280
17:35:48.683 [FXGL Background Thread 3 ] DEBUG Engine               - Logging services
17:35:48.683 [FXGL Background Thread 3 ] DEBUG Engine               - class com.almasb.fxgl.app.services.FXGLAssetLoaderService
17:35:48.683 [FXGL Background Thread 3 ] DEBUG Engine               - class com.almasb.fxgl.app.FXGLApplication$GameApplicationService
17:35:48.683 [FXGL Background Thread 3 ] DEBUG Engine               - class com.almasb.fxgl.app.services.FXGLDialogService
17:35:48.684 [FXGL Background Thread 3 ] DEBUG Engine               - class com.almasb.fxgl.app.services.IOTaskExecutorService
17:35:48.684 [FXGL Background Thread 3 ] DEBUG Engine               - class com.almasb.fxgl.io.FileSystemService
17:35:48.684 [FXGL Background Thread 3 ] DEBUG Engine               - class com.almasb.fxgl.localization.LocalizationService
17:35:48.684 [FXGL Background Thread 3 ] DEBUG Engine               - class com.almasb.fxgl.app.services.SystemBundleService
17:35:48.684 [FXGL Background Thread 3 ] DEBUG Engine               - class com.almasb.fxgl.profile.SaveLoadService
17:35:48.684 [FXGL Background Thread 3 ] DEBUG Engine               - class com.almasb.fxgl.ui.FXGLUIFactoryServiceProvider
17:35:48.684 [FXGL Background Thread 3 ] DEBUG Engine               - class com.almasb.fxgl.ui.FXGLDialogFactoryServiceProvider
17:35:48.684 [FXGL Background Thread 3 ] DEBUG Engine               - class com.almasb.fxgl.audio.AudioPlayer
17:35:48.685 [FXGL Background Thread 3 ] DEBUG Engine               - class com.almasb.fxgl.notification.impl.NotificationServiceProvider
17:35:48.685 [FXGL Background Thread 3 ] DEBUG Engine               - class com.almasb.fxgl.achievement.AchievementService
17:35:48.685 [FXGL Background Thread 3 ] DEBUG Engine               - class com.almasb.fxgl.cutscene.CutsceneService
17:35:48.685 [FXGL Background Thread 3 ] DEBUG Engine               - class com.almasb.fxgl.minigames.MiniGameService
17:35:48.685 [FXGL Background Thread 3 ] DEBUG Engine               - class com.almasb.fxgl.net.NetService
17:35:48.685 [FXGL Background Thread 3 ] DEBUG Engine               - class com.almasb.fxgl.app.services.UpdaterService
17:35:48.685 [FXGL Background Thread 3 ] DEBUG Engine               - class com.almasb.fxgl.dev.DevService
17:35:48.685 [FXGL Background Thread 3 ] DEBUG Engine               - class com.almasb.fxgl.intelligence.speechrecog.SpeechRecognitionService
17:35:52.099 [WebSocketWorker-39       ] DEBUG SpeechRecognitionSer - Received speech input (0.8576899766921997): green
17:35:57.794 [WebSocketWorker-39       ] DEBUG SpeechRecognitionSer - Received speech input (0.9477079510688782):  blue
17:36:00.958 [JavaFX Application Thread] DEBUG FXGLApplication      - Exiting FXGL
17:36:00.958 [JavaFX Application Thread] DEBUG LoopRunner           - Stopping loop
17:36:00.958 [JavaFX Application Thread] DEBUG SystemBundleService  - Saving FXGL system data
17:36:00.961 [JavaFX Application Thread] DEBUG FileSystemAccess     - Writing to: C:\Users\o_smi\Desktop\Java\Projects\JavaClassLevel1\SpeechEcongExample\system\fxgl.bundle
17:36:00.991 [WebSocketSelector-54     ] DEBUG WSServer SpeechRecog - Closed connection, code: 1006
17:36:01.300 [JavaFX Application Thread] DEBUG Async                - Shutting down background threads
17:36:01.301 [JavaFX Application Thread] DEBUG PrimaryStageWindow   - Closing main window
17:36:01.315 [JavaFX Application Thread] DEBUG Logger               - Closing Logger
